11/12/25 14:38:17: Running xcd server. This server was built by gradle.
11/12/25 14:38:17: Server was asked to start on port: '59127'
11/12/25 14:38:17: Server is using token UUID: 'bd014702-f31f-4926-a15b-c531ffb6d8c0'
11/12/25 14:38:17: SESSION_MGR: creating session with session uuid: '6d04a3e9-ade5-4ab9-8d63-1f78fcd2ec76' and name 'default'
11/12/25 14:38:17: Attempting to start server on port '59127'
11/12/25 14:38:17: Running Dispatch Server
11/12/25 14:38:17: Version 2.2.0
11/12/25 14:38:19: Dispatch Server: Accepted socket connection from client
11/12/25 14:38:19: Starting Socket connection
11/12/25 14:38:19: EXCHANGE_TOKEN received, server token: bd014702-f31f-4926-a15b-c531ffb6d8c0, passed token: bd014702-f31f-4926-a15b-c531ffb6d8c0
11/12/25 14:38:19: DISPATCH_HANDLER: Adding handler from function makeHandler in library xv_system_diagram
11/12/25 14:38:19: SESSION_MGR: creating session with session uuid: 'd81fb88a-7ecb-46ee-9ec6-4ca2699b5fd8' and name 'vitis-run_compile_Pipeline'
11/12/25 14:38:19: KERNEL_SVC: creating session with uuid: 'd81fb88a-7ecb-46ee-9ec6-4ca2699b5fd8' and name 'vitis-run_compile_Pipeline'
11/12/25 14:38:19: GUIDANCE_SMGR: creating guidance session with uuid: 'd81fb88a-7ecb-46ee-9ec6-4ca2699b5fd8' and name 'vitis-run_compile_Pipeline'
11/12/25 14:38:19: SYSTEM_DIAGRAM: creating session with uuid: 'd81fb88a-7ecb-46ee-9ec6-4ca2699b5fd8' and name 'vitis-run_compile_Pipeline'
11/12/25 14:38:22: Dispatch Server: Accepted socket connection from client
11/12/25 14:38:22: Starting Socket connection
11/12/25 14:38:24: SESSION_MGR: closing session for UUID 'd81fb88a-7ecb-46ee-9ec6-4ca2699b5fd8' with name 'vitis-run_compile_Pipeline'
11/12/25 14:38:24: KERNEL_SVC: closing session for UUID 'd81fb88a-7ecb-46ee-9ec6-4ca2699b5fd8' with name 'vitis-run_compile_Pipeline'
11/12/25 14:38:24: GUIDANCE_SMGR: closing session for UUID 'd81fb88a-7ecb-46ee-9ec6-4ca2699b5fd8' with name 'vitis-run_compile_Pipeline'
11/12/25 14:38:24: SYSTEM_DIAGRAM: closing session for UUID 'd81fb88a-7ecb-46ee-9ec6-4ca2699b5fd8' with name 'vitis-run_compile_Pipeline'
11/12/25 14:38:24: STOP_SERVER received, server token: bd014702-f31f-4926-a15b-c531ffb6d8c0, passed token: bd014702-f31f-4926-a15b-c531ffb6d8c0
11/12/25 14:38:24: Socket received request to stop server.
11/12/25 14:38:24: Dispatch Server: do_await_stop
11/12/25 14:38:24: SERVER: destructor for server bound to port 59127
11/12/25 14:49:39: Running xcd server. This server was built by gradle.
11/12/25 14:49:39: Server was asked to start on port: '63121'
11/12/25 14:49:39: Server is using token UUID: 'dc92ae32-3c33-45b3-8574-5d94a356c38c'
11/12/25 14:49:39: SESSION_MGR: creating session with session uuid: '6d04a3e9-ade5-4ab9-8d63-1f78fcd2ec76' and name 'default'
11/12/25 14:49:39: Attempting to start server on port '63121'
11/12/25 14:49:39: Running Dispatch Server
11/12/25 14:49:39: Version 2.2.0
11/12/25 14:49:42: Dispatch Server: Accepted socket connection from client
11/12/25 14:49:42: Starting Socket connection
11/12/25 14:49:42: EXCHANGE_TOKEN received, server token: dc92ae32-3c33-45b3-8574-5d94a356c38c, passed token: dc92ae32-3c33-45b3-8574-5d94a356c38c
11/12/25 14:49:42: DISPATCH_HANDLER: Adding handler from function makeHandler in library xv_system_diagram
11/12/25 14:49:42: SESSION_MGR: creating session with session uuid: 'c6c4c513-d430-46ae-aeb0-fa2303da209d' and name 'v++_compile_Pipeline'
11/12/25 14:49:42: KERNEL_SVC: creating session with uuid: 'c6c4c513-d430-46ae-aeb0-fa2303da209d' and name 'v++_compile_Pipeline'
11/12/25 14:49:42: GUIDANCE_SMGR: creating guidance session with uuid: 'c6c4c513-d430-46ae-aeb0-fa2303da209d' and name 'v++_compile_Pipeline'
11/12/25 14:49:42: SYSTEM_DIAGRAM: creating session with uuid: 'c6c4c513-d430-46ae-aeb0-fa2303da209d' and name 'v++_compile_Pipeline'
11/12/25 14:49:45: Dispatch Server: Accepted socket connection from client
11/12/25 14:49:45: Starting Socket connection
11/12/25 14:49:58: SESSION_MGR: closing session for UUID 'c6c4c513-d430-46ae-aeb0-fa2303da209d' with name 'v++_compile_Pipeline'
11/12/25 14:49:58: KERNEL_SVC: closing session for UUID 'c6c4c513-d430-46ae-aeb0-fa2303da209d' with name 'v++_compile_Pipeline'
11/12/25 14:49:58: GUIDANCE_SMGR: closing session for UUID 'c6c4c513-d430-46ae-aeb0-fa2303da209d' with name 'v++_compile_Pipeline'
11/12/25 14:49:58: SYSTEM_DIAGRAM: closing session for UUID 'c6c4c513-d430-46ae-aeb0-fa2303da209d' with name 'v++_compile_Pipeline'
11/12/25 14:49:58: STOP_SERVER received, server token: dc92ae32-3c33-45b3-8574-5d94a356c38c, passed token: dc92ae32-3c33-45b3-8574-5d94a356c38c
11/12/25 14:49:58: Socket received request to stop server.
11/12/25 14:49:58: Dispatch Server: do_await_stop
11/12/25 14:49:58: SERVER: destructor for server bound to port 63121
11/12/25 14:55:55: Running xcd server. This server was built by gradle.
11/12/25 14:55:55: Server was asked to start on port: '57721'
11/12/25 14:55:55: Server is using token UUID: '9c03b911-e6e5-4579-b734-c929e395618b'
11/12/25 14:55:55: SESSION_MGR: creating session with session uuid: '6d04a3e9-ade5-4ab9-8d63-1f78fcd2ec76' and name 'default'
11/12/25 14:55:55: Attempting to start server on port '57721'
11/12/25 14:55:55: Running Dispatch Server
11/12/25 14:55:55: Version 2.2.0
11/12/25 14:55:57: Dispatch Server: Accepted socket connection from client
11/12/25 14:55:57: Starting Socket connection
11/12/25 14:55:57: EXCHANGE_TOKEN received, server token: 9c03b911-e6e5-4579-b734-c929e395618b, passed token: 9c03b911-e6e5-4579-b734-c929e395618b
11/12/25 14:55:58: DISPATCH_HANDLER: Adding handler from function makeHandler in library xv_system_diagram
11/12/25 14:55:58: SESSION_MGR: creating session with session uuid: '1961d187-0cfe-4ae7-ad78-b5a1515fd0d5' and name 'vitis-run_compile_Pipeline'
11/12/25 14:55:58: KERNEL_SVC: creating session with uuid: '1961d187-0cfe-4ae7-ad78-b5a1515fd0d5' and name 'vitis-run_compile_Pipeline'
11/12/25 14:55:58: GUIDANCE_SMGR: creating guidance session with uuid: '1961d187-0cfe-4ae7-ad78-b5a1515fd0d5' and name 'vitis-run_compile_Pipeline'
11/12/25 14:55:58: SYSTEM_DIAGRAM: creating session with uuid: '1961d187-0cfe-4ae7-ad78-b5a1515fd0d5' and name 'vitis-run_compile_Pipeline'
11/12/25 14:56:01: Dispatch Server: Accepted socket connection from client
11/12/25 14:56:01: Starting Socket connection
11/12/25 14:56:34: SESSION_MGR: closing session for UUID '1961d187-0cfe-4ae7-ad78-b5a1515fd0d5' with name 'vitis-run_compile_Pipeline'
11/12/25 14:56:34: KERNEL_SVC: closing session for UUID '1961d187-0cfe-4ae7-ad78-b5a1515fd0d5' with name 'vitis-run_compile_Pipeline'
11/12/25 14:56:34: GUIDANCE_SMGR: closing session for UUID '1961d187-0cfe-4ae7-ad78-b5a1515fd0d5' with name 'vitis-run_compile_Pipeline'
11/12/25 14:56:34: SYSTEM_DIAGRAM: closing session for UUID '1961d187-0cfe-4ae7-ad78-b5a1515fd0d5' with name 'vitis-run_compile_Pipeline'
11/12/25 14:56:34: STOP_SERVER received, server token: 9c03b911-e6e5-4579-b734-c929e395618b, passed token: 9c03b911-e6e5-4579-b734-c929e395618b
11/12/25 14:56:34: Socket received request to stop server.
11/12/25 14:56:34: Dispatch Server: do_await_stop
11/12/25 14:56:34: SERVER: destructor for server bound to port 57721
