

================================================================
== Vitis HLS Report for 'matrix_mult'
================================================================
* Date:           Wed Nov 12 14:49:56 2025

* Version:        2025.1 (Build 6135595 on May 21 2025)
* Project:        Pipeline
* Solution:       hls (Vivado IP Flow Target)
* Product family: aartix7
* Target device:  xa7a15t-cpg236-2I


================================================================
== Performance Estimates
================================================================
+ Timing: 
    * Summary: 
    +--------+----------+----------+------------+
    |  Clock |  Target  | Estimated| Uncertainty|
    +--------+----------+----------+------------+
    |ap_clk  |  10.00 ns|  6.880 ns|     2.70 ns|
    +--------+----------+----------+------------+

+ Latency: 
    * Summary: 
    +---------+---------+-----------+-----------+-----+-----+------------------------------------------------+
    |  Latency (cycles) |   Latency (absolute)  |  Interval |                    Pipeline                    |
    |   min   |   max   |    min    |    max    | min | max |                      Type                      |
    +---------+---------+-----------+-----------+-----+-----+------------------------------------------------+
    |        8|        8|  80.000 ns|  80.000 ns|    4|    4|  loop auto-rewind stp (delay=0 clock cycles(s))|
    +---------+---------+-----------+-----------+-----+-----+------------------------------------------------+

    + Detail: 
        * Instance: 
        N/A

        * Loop: 
        +-----------+---------+---------+----------+-----------+-----------+------+----------+
        |           |  Latency (cycles) | Iteration|  Initiation Interval  | Trip |          |
        | Loop Name |   min   |   max   |  Latency |  achieved |   target  | Count| Pipelined|
        +-----------+---------+---------+----------+-----------+-----------+------+----------+
        |- row_col  |        6|        6|         4|          1|          1|     4|       yes|
        +-----------+---------+---------+----------+-----------+-----------+------+----------+



================================================================
== Utilization Estimates
================================================================
* Summary: 
+-----------------+---------+----+-------+-------+-----+
|       Name      | BRAM_18K| DSP|   FF  |  LUT  | URAM|
+-----------------+---------+----+-------+-------+-----+
|DSP              |        -|   -|      -|      -|    -|
|Expression       |        -|   -|      0|    112|    -|
|FIFO             |        -|   -|      -|      -|    -|
|Instance         |        -|   6|      0|     42|    -|
|Memory           |        -|   -|      -|      -|    -|
|Multiplexer      |        -|   -|      0|     81|    -|
|Register         |        -|   -|    274|     32|    -|
+-----------------+---------+----+-------+-------+-----+
|Total            |        0|   6|    274|    267|    0|
+-----------------+---------+----+-------+-------+-----+
|Available        |       50|  45|  20800|  10400|    0|
+-----------------+---------+----+-------+-------+-----+
|Utilization (%)  |        0|  13|      1|      2|    0|
+-----------------+---------+----+-------+-------+-----+

+ Detail: 
    * Instance: 
    +-----------------------+--------------------+---------+----+---+----+-----+
    |        Instance       |       Module       | BRAM_18K| DSP| FF| LUT| URAM|
    +-----------------------+--------------------+---------+----+---+----+-----+
    |mul_32s_32s_32_1_1_U1  |mul_32s_32s_32_1_1  |        0|   3|  0|  21|    0|
    |mul_32s_32s_32_1_1_U2  |mul_32s_32s_32_1_1  |        0|   3|  0|  21|    0|
    +-----------------------+--------------------+---------+----+---+----+-----+
    |Total                  |                    |        0|   6|  0|  42|    0|
    +-----------------------+--------------------+---------+----+---+----+-----+

    * DSP: 
    N/A

    * Memory: 
    N/A

    * FIFO: 
    N/A

    * Expression: 
    +----------------------+----------+----+---+----+------------+------------+
    |     Variable Name    | Operation| DSP| FF| LUT| Bitwidth P0| Bitwidth P1|
    +----------------------+----------+----+---+----+------------+------------+
    |ABij_fu_304_p2        |         +|   0|  0|  39|          32|          32|
    |add_ln18_fu_255_p2    |         +|   0|  0|  10|           2|           2|
    |add_ln8_1_fu_267_p2   |         +|   0|  0|  10|           2|           1|
    |add_ln8_fu_169_p2     |         +|   0|  0|  10|           2|           1|
    |j_fu_261_p2           |         +|   0|  0|  10|           2|           1|
    |ap_condition_303      |       and|   0|  0|   2|           1|           1|
    |ap_condition_96       |       and|   0|  0|   2|           1|           1|
    |icmp_ln10_fu_273_p2   |      icmp|   0|  0|  11|           2|           3|
    |icmp_ln8_fu_279_p2    |      icmp|   0|  0|  10|           2|           2|
    |i_fu_183_p3           |    select|   0|  0|   2|           1|           2|
    |select_ln8_fu_175_p3  |    select|   0|  0|   2|           1|           1|
    |ap_enable_pp0         |       xor|   0|  0|   2|           1|           2|
    |xor_ln16_fu_232_p2    |       xor|   0|  0|   2|           1|           2|
    +----------------------+----------+----+---+----+------------+------------+
    |Total                 |          |   0|  0| 112|          50|          51|
    +----------------------+----------+----+---+----+------------+------------+

    * Multiplexer: 
    +---------------------------------------+----+-----------+-----+-----------+
    |                  Name                 | LUT| Input Size| Bits| Total Bits|
    +---------------------------------------+----+-----------+-----+-----------+
    |ap_done_int                            |   9|          2|    1|          2|
    |ap_loop_exit_ready_pp0_iter3_reg       |   9|          2|    1|          2|
    |ap_phi_mux_icmp_ln104_phi_fu_130_p4    |   9|          2|    1|          2|
    |ap_sig_allocacmp_i2_load               |   9|          2|    2|          4|
    |ap_sig_allocacmp_indvar_flatten1_load  |   9|          2|    2|          4|
    |ap_sig_allocacmp_j3_load               |   9|          2|    2|          4|
    |i2_fu_56                               |   9|          2|    2|          4|
    |indvar_flatten1_fu_52                  |   9|          2|    2|          4|
    |j3_fu_60                               |   9|          2|    2|          4|
    +---------------------------------------+----+-----------+-----+-----------+
    |Total                                  |  81|         18|   15|         30|
    +---------------------------------------+----+-----------+-----+-----------+

    * Register: 
    +----------------------------------+----+----+-----+-----------+
    |               Name               | FF | LUT| Bits| Const Bits|
    +----------------------------------+----+----+-----+-----------+
    |A_load_1_reg_369                  |  32|   0|   32|          0|
    |A_load_reg_364                    |  32|   0|   32|          0|
    |B_load_1_reg_379                  |  32|   0|   32|          0|
    |B_load_reg_374                    |  32|   0|   32|          0|
    |add_ln18_reg_350                  |   2|   0|    2|          0|
    |ap_CS_fsm                         |   1|   0|    1|          0|
    |ap_done_reg                       |   1|   0|    1|          0|
    |ap_enable_reg_pp0_iter1           |   1|   0|    1|          0|
    |ap_enable_reg_pp0_iter2           |   1|   0|    1|          0|
    |ap_enable_reg_pp0_iter3           |   1|   0|    1|          0|
    |ap_loop_exit_ready_pp0_iter1_reg  |   1|   0|    1|          0|
    |ap_loop_exit_ready_pp0_iter2_reg  |   1|   0|    1|          0|
    |ap_loop_exit_ready_pp0_iter3_reg  |   1|   0|    1|          0|
    |i2_fu_56                          |   2|   0|    2|          0|
    |icmp_ln10_reg_355                 |   1|   0|    1|          0|
    |icmp_ln8_reg_360                  |   1|   0|    1|          0|
    |indvar_flatten1_fu_52             |   2|   0|    2|          0|
    |j3_fu_60                          |   2|   0|    2|          0|
    |mul_ln16_1_reg_389                |  32|   0|   32|          0|
    |mul_ln16_reg_384                  |  32|   0|   32|          0|
    |add_ln18_reg_350                  |  64|  32|    2|          0|
    +----------------------------------+----+----+-----+-----------+
    |Total                             | 274|  32|  212|          0|
    +----------------------------------+----+----+-----+-----------+



================================================================
== Interface
================================================================
* Summary: 
+-------------+-----+-----+------------+--------------+--------------+
|  RTL Ports  | Dir | Bits|  Protocol  | Source Object|    C Type    |
+-------------+-----+-----+------------+--------------+--------------+
|ap_clk       |   in|    1|  ap_ctrl_hs|   matrix_mult|  return value|
|ap_rst       |   in|    1|  ap_ctrl_hs|   matrix_mult|  return value|
|ap_start     |   in|    1|  ap_ctrl_hs|   matrix_mult|  return value|
|ap_done      |  out|    1|  ap_ctrl_hs|   matrix_mult|  return value|
|ap_idle      |  out|    1|  ap_ctrl_hs|   matrix_mult|  return value|
|ap_ready     |  out|    1|  ap_ctrl_hs|   matrix_mult|  return value|
|A_address0   |  out|    2|   ap_memory|             A|         array|
|A_ce0        |  out|    1|   ap_memory|             A|         array|
|A_q0         |   in|   32|   ap_memory|             A|         array|
|A_address1   |  out|    2|   ap_memory|             A|         array|
|A_ce1        |  out|    1|   ap_memory|             A|         array|
|A_q1         |   in|   32|   ap_memory|             A|         array|
|B_address0   |  out|    2|   ap_memory|             B|         array|
|B_ce0        |  out|    1|   ap_memory|             B|         array|
|B_q0         |   in|   32|   ap_memory|             B|         array|
|B_address1   |  out|    2|   ap_memory|             B|         array|
|B_ce1        |  out|    1|   ap_memory|             B|         array|
|B_q1         |   in|   32|   ap_memory|             B|         array|
|AB_address0  |  out|    2|   ap_memory|            AB|         array|
|AB_ce0       |  out|    1|   ap_memory|            AB|         array|
|AB_we0       |  out|    1|   ap_memory|            AB|         array|
|AB_d0        |  out|   32|   ap_memory|            AB|         array|
+-------------+-----+-----+------------+--------------+--------------+

