  **** HLS Build v2025.1 6135595
INFO: [HLS 200-2005] Using work_dir C:/Users/jackh/Downloads/Matrix_Lab4/Main/Main 
INFO: [HLS 200-2176] Writing Vitis IDE component file C:/Users/jackh/Downloads/Matrix_Lab4/Main/Main/vitis-comp.json
INFO: [HLS 200-10] Creating and opening component 'C:/Users/jackh/Downloads/Matrix_Lab4/Main/Main'.
INFO: [HLS 200-1505] Using default flow_target 'vivado'
Resolution: For help on HLS 200-1505 see docs.xilinx.com/access/sources/dita/topic?Doc_Version=2025.1%20English&url=ug1448-hls-guidance&resourceid=200-1505.html
INFO: [HLS 200-2174] Applying component config ini file C:/Users/jackh/Downloads/Matrix_Lab4/Main/hls_config.cfg
INFO: [HLS 200-1465] Applying config ini 'syn.file=matrix_mult.cpp' from C:/Users/jackh/Downloads/Matrix_Lab4/Main/hls_config.cfg(8)
INFO: [HLS 200-10] Adding design file 'C:/Users/jackh/Downloads/Matrix_Lab4/Main/matrix_mult.cpp' to the project
INFO: [HLS 200-1465] Applying config ini 'tb.file=matrix_tb.cpp' from C:/Users/jackh/Downloads/Matrix_Lab4/Main/hls_config.cfg(7)
INFO: [HLS 200-10] Adding test bench file 'C:/Users/jackh/Downloads/Matrix_Lab4/Main/matrix_tb.cpp' to the project
INFO: [HLS 200-1465] Applying config ini 'syn.top=main' from C:/Users/jackh/Downloads/Matrix_Lab4/Main/hls_config.cfg(9)
INFO: [HLS 200-1465] Applying config ini 'flow_target=vivado' from C:/Users/jackh/Downloads/Matrix_Lab4/Main/hls_config.cfg(4)
INFO: [HLS 200-1505] Using flow_target 'vivado'
Resolution: For help on HLS 200-1505 see docs.xilinx.com/access/sources/dita/topic?Doc_Version=2025.1%20English&url=ug1448-hls-guidance&resourceid=200-1505.html
INFO: [HLS 200-1465] Applying config ini 'part=xa7a15tcpg236-2I' from C:/Users/jackh/Downloads/Matrix_Lab4/Main/hls_config.cfg(1)
INFO: [HLS 200-1611] Setting target device to 'xa7a15t-cpg236-2I'
INFO: [HLS 200-1465] Applying config ini 'package.output.format=ip_catalog' from C:/Users/jackh/Downloads/Matrix_Lab4/Main/hls_config.cfg(5)
INFO: [HLS 200-2176] Writing Vitis IDE component file C:/Users/jackh/Downloads/Matrix_Lab4/Main/Main/vitis-comp.json
INFO: [HLS 200-111] Finished File checks and directory preparation: CPU user time: 1 seconds. CPU system time: 2 seconds. Elapsed time: 1.987 seconds; current allocated memory: 144.090 MB.
INFO: [HLS 200-10] Analyzing design file 'matrix_mult.cpp' ... 
WARNING: [HLS 200-1986] Could not apply TOP directive, invalid function, label, or variable (:0)
INFO: [HLS 200-111] Finished Source Code Analysis and Preprocessing: CPU user time: 0 seconds. CPU system time: 0 seconds. Elapsed time: 1.727 seconds; current allocated memory: 145.945 MB.
ERROR: [HLS 214-157] Top function not found: there is no function named 'main'
error: Top function not found: there is no function named 'main'
ERROR: Error in opt
INFO: [HLS 200-112] Total CPU user time: 1 seconds. Total CPU system time: 2 seconds. Total elapsed time: 5.958 seconds; peak allocated memory: 146.730 MB.
