  **** HLS Build v2025.1 6135595
INFO: [HLS 200-2005] Using work_dir C:/Users/jackh/Downloads/Matrix_Lab4/Main/Main 
INFO: [HLS 200-2176] Writing Vitis IDE component file C:/Users/jackh/Downloads/Matrix_Lab4/Main/Main/vitis-comp.json
INFO: [HLS 200-10] Creating and opening component 'C:/Users/jackh/Downloads/Matrix_Lab4/Main/Main'.
INFO: [HLS 200-1505] Using default flow_target 'vivado'
Resolution: For help on HLS 200-1505 see docs.xilinx.com/access/sources/dita/topic?Doc_Version=2025.1%20English&url=ug1448-hls-guidance&resourceid=200-1505.html
INFO: [HLS 200-2174] Applying component config ini file C:/Users/jackh/Downloads/Matrix_Lab4/Main/hls_config.cfg
INFO: [HLS 200-1465] Applying config ini 'syn.file=matrix_mult.cpp' from C:/Users/jackh/Downloads/Matrix_Lab4/Main/hls_config.cfg(8)
INFO: [HLS 200-10] Adding design file 'C:/Users/jackh/Downloads/Matrix_Lab4/Main/matrix_mult.cpp' to the project
INFO: [HLS 200-1465] Applying config ini 'tb.file=matrix_tb.cpp' from C:/Users/jackh/Downloads/Matrix_Lab4/Main/hls_config.cfg(7)
INFO: [HLS 200-10] Adding test bench file 'C:/Users/jackh/Downloads/Matrix_Lab4/Main/matrix_tb.cpp' to the project
INFO: [HLS 200-1465] Applying config ini 'syn.top=matrix_mult' from C:/Users/jackh/Downloads/Matrix_Lab4/Main/hls_config.cfg(9)
INFO: [HLS 200-1465] Applying config ini 'flow_target=vivado' from C:/Users/jackh/Downloads/Matrix_Lab4/Main/hls_config.cfg(4)
INFO: [HLS 200-1505] Using flow_target 'vivado'
Resolution: For help on HLS 200-1505 see docs.xilinx.com/access/sources/dita/topic?Doc_Version=2025.1%20English&url=ug1448-hls-guidance&resourceid=200-1505.html
INFO: [HLS 200-1465] Applying config ini 'part=xa7a15tcpg236-2I' from C:/Users/jackh/Downloads/Matrix_Lab4/Main/hls_config.cfg(1)
INFO: [HLS 200-1611] Setting target device to 'xa7a15t-cpg236-2I'
INFO: [HLS 200-1465] Applying config ini 'package.output.format=ip_catalog' from C:/Users/jackh/Downloads/Matrix_Lab4/Main/hls_config.cfg(5)
INFO: [HLS 200-2176] Writing Vitis IDE component file C:/Users/jackh/Downloads/Matrix_Lab4/Main/Main/vitis-comp.json
INFO: [HLS 200-111] Finished File checks and directory preparation: CPU user time: 1 seconds. CPU system time: 2 seconds. Elapsed time: 1.845 seconds; current allocated memory: 144.059 MB.
INFO: [HLS 200-10] Analyzing design file 'matrix_mult.cpp' ... 
INFO: [HLS 200-111] Finished Source Code Analysis and Preprocessing: CPU user time: 0 seconds. CPU system time: 0 seconds. Elapsed time: 2.058 seconds; current allocated memory: 146.512 MB.
INFO: [HLS 200-777] Using interface defaults for 'Vivado' flow target.
INFO: [HLS 200-1995] There were 52 instructions in the design after the 'Compile/Link' phase of compilation. See the Design Size Report for more details (C:/Users/jackh/Downloads/Matrix_Lab4/Main/Main/hls/syn/report/csynth_design_size.rpt:2)
INFO: [HLS 200-1995] There were 40 instructions in the design after the 'Unroll/Inline (step 1)' phase of compilation. See the Design Size Report for more details (C:/Users/jackh/Downloads/Matrix_Lab4/Main/Main/hls/syn/report/csynth_design_size.rpt:2)
INFO: [HLS 200-1995] There were 30 instructions in the design after the 'Unroll/Inline (step 2)' phase of compilation. See the Design Size Report for more details (C:/Users/jackh/Downloads/Matrix_Lab4/Main/Main/hls/syn/report/csynth_design_size.rpt:2)
INFO: [HLS 200-1995] There were 27 instructions in the design after the 'Unroll/Inline (step 3)' phase of compilation. See the Design Size Report for more details (C:/Users/jackh/Downloads/Matrix_Lab4/Main/Main/hls/syn/report/csynth_design_size.rpt:2)
INFO: [HLS 200-1995] There were 27 instructions in the design after the 'Unroll/Inline (step 4)' phase of compilation. See the Design Size Report for more details (C:/Users/jackh/Downloads/Matrix_Lab4/Main/Main/hls/syn/report/csynth_design_size.rpt:2)
INFO: [HLS 200-1995] There were 26 instructions in the design after the 'Array/Struct (step 1)' phase of compilation. See the Design Size Report for more details (C:/Users/jackh/Downloads/Matrix_Lab4/Main/Main/hls/syn/report/csynth_design_size.rpt:2)
INFO: [HLS 200-1995] There were 26 instructions in the design after the 'Array/Struct (step 2)' phase of compilation. See the Design Size Report for more details (C:/Users/jackh/Downloads/Matrix_Lab4/Main/Main/hls/syn/report/csynth_design_size.rpt:2)
INFO: [HLS 200-1995] There were 26 instructions in the design after the 'Array/Struct (step 3)' phase of compilation. See the Design Size Report for more details (C:/Users/jackh/Downloads/Matrix_Lab4/Main/Main/hls/syn/report/csynth_design_size.rpt:2)
INFO: [HLS 200-1995] There were 26 instructions in the design after the 'Array/Struct (step 4)' phase of compilation. See the Design Size Report for more details (C:/Users/jackh/Downloads/Matrix_Lab4/Main/Main/hls/syn/report/csynth_design_size.rpt:2)
INFO: [HLS 200-1995] There were 27 instructions in the design after the 'Array/Struct (step 5)' phase of compilation. See the Design Size Report for more details (C:/Users/jackh/Downloads/Matrix_Lab4/Main/Main/hls/syn/report/csynth_design_size.rpt:2)
INFO: [HLS 200-1995] There were 27 instructions in the design after the 'Performance (step 1)' phase of compilation. See the Design Size Report for more details (C:/Users/jackh/Downloads/Matrix_Lab4/Main/Main/hls/syn/report/csynth_design_size.rpt:2)
INFO: [HLS 200-1995] There were 25 instructions in the design after the 'Performance (step 2)' phase of compilation. See the Design Size Report for more details (C:/Users/jackh/Downloads/Matrix_Lab4/Main/Main/hls/syn/report/csynth_design_size.rpt:2)
INFO: [HLS 200-1995] There were 25 instructions in the design after the 'Performance (step 3)' phase of compilation. See the Design Size Report for more details (C:/Users/jackh/Downloads/Matrix_Lab4/Main/Main/hls/syn/report/csynth_design_size.rpt:2)
INFO: [HLS 200-1995] There were 25 instructions in the design after the 'Performance (step 4)' phase of compilation. See the Design Size Report for more details (C:/Users/jackh/Downloads/Matrix_Lab4/Main/Main/hls/syn/report/csynth_design_size.rpt:2)
INFO: [HLS 200-1995] There were 31 instructions in the design after the 'HW Transforms (step 1)' phase of compilation. See the Design Size Report for more details (C:/Users/jackh/Downloads/Matrix_Lab4/Main/Main/hls/syn/report/csynth_design_size.rpt:2)
INFO: [HLS 200-1995] There were 39 instructions in the design after the 'HW Transforms (step 2)' phase of compilation. See the Design Size Report for more details (C:/Users/jackh/Downloads/Matrix_Lab4/Main/Main/hls/syn/report/csynth_design_size.rpt:2)
INFO: [HLS 214-376] automatically set the pipeline for Loop< VITIS_LOOP_10_2> at matrix_mult.cpp:10:26 
INFO: [HLS 214-291] Loop 'VITIS_LOOP_12_3' is marked as complete unroll implied by the pipeline pragma (matrix_mult.cpp:12:30)
INFO: [HLS 214-186] Unrolling loop 'VITIS_LOOP_12_3' (matrix_mult.cpp:12:30) in function 'matrix_mult' completely with a factor of 2 (matrix_mult.cpp:5:0)
INFO: [HLS 200-111] Finished Compiling Optimization and Transform: CPU user time: 0 seconds. CPU system time: 0 seconds. Elapsed time: 7.93 seconds; current allocated memory: 148.273 MB.
INFO: [HLS 200-111] Finished Checking Pragmas: CPU user time: 0 seconds. CPU system time: 0 seconds. Elapsed time: 0.003 seconds; current allocated memory: 148.273 MB.
INFO: [HLS 200-10] Starting code transformations ...
INFO: [HLS 200-111] Finished Standard Transforms: CPU user time: 0 seconds. CPU system time: 0 seconds. Elapsed time: 0.033 seconds; current allocated memory: 153.117 MB.
INFO: [HLS 200-10] Checking synthesizability ...
INFO: [HLS 200-111] Finished Checking Synthesizability: CPU user time: 0 seconds. CPU system time: 0 seconds. Elapsed time: 0.026 seconds; current allocated memory: 155.488 MB.
INFO: [HLS 200-111] Finished Loop, function and other optimizations: CPU user time: 0 seconds. CPU system time: 0 seconds. Elapsed time: 0.046 seconds; current allocated memory: 176.652 MB.
INFO: [HLS 200-2061] Successfully converted nested loops 'VITIS_LOOP_9_1'(matrix_mult.cpp:9:18) and 'VITIS_LOOP_10_2'(matrix_mult.cpp:10:26) in function 'matrix_mult' into perfectly nested loops.
INFO: [XFORM 203-541] Flattening a loop nest 'VITIS_LOOP_9_1' (matrix_mult.cpp:9:18) in function 'matrix_mult'.
INFO: [HLS 200-111] Finished Architecture Synthesis: CPU user time: 0 seconds. CPU system time: 0 seconds. Elapsed time: 0.043 seconds; current allocated memory: 176.660 MB.
INFO: [HLS 200-10] Starting hardware synthesis ...
INFO: [HLS 200-10] Synthesizing 'matrix_mult' ...
INFO: [SYN 201-201] Setting up clock 'default' with a period of 10ns.
INFO: [HLS 200-10] ----------------------------------------------------------------
INFO: [HLS 200-42] -- Implementing module 'matrix_mult' 
INFO: [HLS 200-10] ----------------------------------------------------------------
INFO: [SCHED 204-11] Starting scheduling ...
INFO: [SCHED 204-61] Pipelining loop 'VITIS_LOOP_9_1_VITIS_LOOP_10_2'.
INFO: [HLS 200-1470] Pipelining result : Target II = NA, Final II = 1, Depth = 4, loop 'VITIS_LOOP_9_1_VITIS_LOOP_10_2'
INFO: [SCHED 204-11] Finished scheduling.
INFO: [HLS 200-111] Finished Scheduling: CPU user time: 0 seconds. CPU system time: 0 seconds. Elapsed time: 0.115 seconds; current allocated memory: 176.660 MB.
INFO: [BIND 205-100] Starting micro-architecture generation ...
INFO: [BIND 205-101] Performing variable lifetime analysis.
INFO: [BIND 205-101] Exploring resource sharing.
INFO: [BIND 205-101] Binding ...
INFO: [BIND 205-100] Finished micro-architecture generation.
INFO: [HLS 200-111] Finished Binding: CPU user time: 0 seconds. CPU system time: 0 seconds. Elapsed time: 0.021 seconds; current allocated memory: 177.047 MB.
INFO: [HLS 200-10] ----------------------------------------------------------------
INFO: [HLS 200-10] -- Generating RTL for module 'matrix_mult' 
INFO: [HLS 200-10] ----------------------------------------------------------------
INFO: [RTGEN 206-500] Setting interface mode on port 'matrix_mult/A' to 'ap_memory'.
INFO: [RTGEN 206-500] Setting interface mode on port 'matrix_mult/B' to 'ap_memory'.
INFO: [RTGEN 206-500] Setting interface mode on port 'matrix_mult/AB' to 'ap_memory'.
INFO: [RTGEN 206-500] Setting interface mode on function 'matrix_mult' to 'ap_ctrl_hs'.
INFO: [HLS 200-1030] Apply Unified Pipeline Control on module 'matrix_mult' pipeline 'VITIS_LOOP_9_1_VITIS_LOOP_10_2' pipeline type 'loop pipeline'
INFO: [RTGEN 206-100] Generating core module 'mul_32s_32s_32_1_1': 2 instance(s).
INFO: [RTGEN 206-100] Finished creating RTL model for 'matrix_mult'.
INFO: [HLS 200-111] Finished Creating RTL model: CPU user time: 0 seconds. CPU system time: 0 seconds. Elapsed time: 0.039 seconds; current allocated memory: 178.988 MB.
INFO: [HLS 200-111] Finished Generating all RTL models: CPU user time: 0 seconds. CPU system time: 0 seconds. Elapsed time: 0.256 seconds; current allocated memory: 182.910 MB.
INFO: [HLS 200-111] Finished Updating report files: CPU user time: 0 seconds. CPU system time: 0 seconds. Elapsed time: 0.491 seconds; current allocated memory: 184.781 MB.
INFO: [VHDL 208-304] Generating VHDL RTL for matrix_mult.
INFO: [VLOG 209-307] Generating Verilog RTL for matrix_mult.
INFO: [HLS 200-790] **** Loop Constraint Status: All loop constraints were satisfied.
INFO: [HLS 200-789] **** Estimated Fmax: 145.35 MHz
INFO: [HLS 200-112] Total CPU user time: 1 seconds. Total CPU system time: 2 seconds. Total elapsed time: 13.851 seconds; peak allocated memory: 184.852 MB.
INFO: [v++ 60-791] Total elapsed time: 0h 0m 17s
