Vivado Simulator v2025.1.0
Copyright 1986-2022 Xilinx, Inc. All Rights Reserved.
Copyright 2022-2025 Advanced Micro Devices, Inc. All Rights Reserved.
Running: C:/Xilinx/2025.1/Vivado/bin/unwrapped/win64.o/xelab.exe xil_defaultlib.apatb_matrix_mult_top xil_defaultlib.glbl -Oenable_linking_all_libraries -prj matrix_mult.prj -L smartconnect_v1_0 -L axi_protocol_checker_v1_1_12 -L axi_protocol_checker_v1_1_13 -L axis_protocol_checker_v1_1_11 -L axis_protocol_checker_v1_1_12 -L xil_defaultlib -L unisims_ver -L xpm -L floating_point_v7_1_20 -L floating_point_v7_0_25 --lib ieee_proposed=./ieee_proposed -L uvm -relax -i ./svr -i ./axivip -i ./svtb -i ./file_agent -i ./matrix_mult_subsystem -s matrix_mult 
Multi-threading is on. Using 10 slave threads.
INFO: [VRFC 10-2263] Analyzing SystemVerilog file "C:/Users/jackh/Downloads/Matrix_Lab4/reshape/reshape/hls/sim/verilog/glbl.v" into library xil_defaultlib
INFO: [VRFC 10-311] analyzing module glbl
INFO: [VRFC 10-2263] Analyzing SystemVerilog file "C:/Users/jackh/Downloads/Matrix_Lab4/reshape/reshape/hls/sim/verilog/AESL_automem_A.v" into library xil_defaultlib
INFO: [VRFC 10-311] analyzing module AESL_automem_A
INFO: [VRFC 10-2263] Analyzing SystemVerilog file "C:/Users/jackh/Downloads/Matrix_Lab4/reshape/reshape/hls/sim/verilog/AESL_automem_AB.v" into library xil_defaultlib
INFO: [VRFC 10-311] analyzing module AESL_automem_AB
INFO: [VRFC 10-2263] Analyzing SystemVerilog file "C:/Users/jackh/Downloads/Matrix_Lab4/reshape/reshape/hls/sim/verilog/AESL_automem_B.v" into library xil_defaultlib
INFO: [VRFC 10-311] analyzing module AESL_automem_B
INFO: [VRFC 10-2263] Analyzing SystemVerilog file "C:/Users/jackh/Downloads/Matrix_Lab4/reshape/reshape/hls/sim/verilog/matrix_mult.autotb.v" into library xil_defaultlib
INFO: [VRFC 10-311] analyzing module apatb_matrix_mult_top
INFO: [VRFC 10-2263] Analyzing SystemVerilog file "C:/Users/jackh/Downloads/Matrix_Lab4/reshape/reshape/hls/sim/verilog/matrix_mult.v" into library xil_defaultlib
INFO: [VRFC 10-311] analyzing module matrix_mult
INFO: [VRFC 10-2263] Analyzing SystemVerilog file "C:/Users/jackh/Downloads/Matrix_Lab4/reshape/reshape/hls/sim/verilog/matrix_mult_flow_control_loop_pipe_sequential_init.v" into library xil_defaultlib
INFO: [VRFC 10-311] analyzing module matrix_mult_flow_control_loop_pipe_sequential_init
INFO: [VRFC 10-2263] Analyzing SystemVerilog file "C:/Users/jackh/Downloads/Matrix_Lab4/reshape/reshape/hls/sim/verilog/matrix_mult_matrix_mult_Pipeline_row.v" into library xil_defaultlib
INFO: [VRFC 10-311] analyzing module matrix_mult_matrix_mult_Pipeline_row
INFO: [VRFC 10-2263] Analyzing SystemVerilog file "C:/Users/jackh/Downloads/Matrix_Lab4/reshape/reshape/hls/sim/verilog/matrix_mult_mul_32s_32s_32_1_1.v" into library xil_defaultlib
INFO: [VRFC 10-311] analyzing module matrix_mult_mul_32s_32s_32_1_1
INFO: [VRFC 10-2263] Analyzing SystemVerilog file "C:/Users/jackh/Downloads/Matrix_Lab4/reshape/reshape/hls/sim/verilog/dataflow_monitor.sv" into library xil_defaultlib
INFO: [VRFC 10-311] analyzing module dataflow_monitor
INFO: [VRFC 10-2263] Analyzing SystemVerilog file "C:/Users/jackh/Downloads/Matrix_Lab4/reshape/reshape/hls/sim/verilog/file_agent/file_agent_pkg.sv" into library xil_defaultlib
INFO: [VRFC 10-2263] Analyzing SystemVerilog file "C:/Users/jackh/Downloads/Matrix_Lab4/reshape/reshape/hls/sim/verilog/matrix_mult_subsystem/matrix_mult_subsystem_pkg.sv" into library xil_defaultlib
INFO: [VRFC 10-2263] Analyzing SystemVerilog file "C:/Users/jackh/Downloads/Matrix_Lab4/reshape/reshape/hls/sim/verilog/svtb/misc_interface.sv" into library xil_defaultlib
INFO: [VRFC 10-2263] Analyzing SystemVerilog file "C:/Users/jackh/Downloads/Matrix_Lab4/reshape/reshape/hls/sim/verilog/svtb/sv_module_top.sv" into library xil_defaultlib
INFO: [VRFC 10-311] analyzing module sv_module_top
Starting static elaboration
Pass Through NonSizing Optimizer
Completed static elaboration
Starting simulation data flow analysis
WARNING: [XSIM 43-4099] "/proj/primebuilds/9999.0_PRIME_0428_0031/installs/data/system_verilog/uvm_1.2/xlnx_uvm_package.sv" Line 4356. Module uvm_pkg doesn't have a timescale but at least one module in design has a timescale.
WARNING: [XSIM 43-4099] "/proj/primebuilds/9999.0_PRIME_0428_0031/installs/data/system_verilog/uvm_1.2/xlnx_uvm_package.sv" Line 4356. Module uvm_pkg doesn't have a timescale but at least one module in design has a timescale.
WARNING: [XSIM 43-4468] File : /proj/primebuilds/9999.0_PRIME_0428_0031/installs/data/system_verilog/uvm_1.2/xlnx_uvm_package.sv, Line : 25994, RANDC variable size more than 8 bits. This will be treated as a RAND variable instead.
Completed simulation data flow analysis
Time Resolution for simulation is 1ps
Compiling package xil_defaultlib.$unit_sv_module_top_sv
Compiling package uvm.uvm_pkg
Compiling package std.std
Compiling package xil_defaultlib.matrix_mult_subsystem_pkg
Compiling package xil_defaultlib.file_agent_pkg
Compiling package xil_defaultlib.$unit_dataflow_monitor_sv
Compiling module xil_defaultlib.matrix_mult_mul_32s_32s_32_1_1(N...
Compiling module xil_defaultlib.matrix_mult_flow_control_loop_pi...
Compiling module xil_defaultlib.matrix_mult_matrix_mult_Pipeline...
Compiling module xil_defaultlib.matrix_mult
Compiling module xil_defaultlib.misc_interface_default
Compiling module xil_defaultlib.sv_module_top
Compiling module xil_defaultlib.AESL_automem_A
Compiling module xil_defaultlib.AESL_automem_B
Compiling module xil_defaultlib.AESL_automem_AB
Compiling module xil_defaultlib.nodf_module_intf_default
Compiling module xil_defaultlib.upc_loop_intf(FSM_WIDTH=1)
Compiling module xil_defaultlib.dataflow_monitor_1
Compiling module xil_defaultlib.apatb_matrix_mult_top
Compiling module xil_defaultlib.glbl
Built simulation snapshot matrix_mult
