#-----------------------------------------------------------
# xsim v2025.1 (64-bit)
# SW Build 6140274 on Thu May 22 00:12:29 MDT 2025
# IP Build 6138677 on Thu May 22 03:10:11 MDT 2025
# SharedData Build 6139179 on Tue May 20 17:58:58 MDT 2025
# Start of session at: Wed Nov 12 14:57:16 2025
# Process ID         : 80368
# Current directory  : C:/Users/jackh/Downloads/Matrix_Lab4/reshape/reshape/hls/sim/verilog
# Command line       : xsim.exe -mode tcl -source {xsim.dir/matrix_mult/xsim_script.tcl}
# Log file           : C:/Users/jackh/Downloads/Matrix_Lab4/reshape/reshape/hls/sim/verilog/xsim.log
# Journal file       : C:/Users/jackh/Downloads/Matrix_Lab4/reshape/reshape/hls/sim/verilog\xsim.jou
# Running On         : Jickey
# Platform           : Windows Server 2016 or Windows 10
# Operating System   : 26100
# Processor Detail   : AMD Ryzen 5 7640HS w/ Radeon 760M Graphics     
# CPU Frequency      : 4292 MHz
# CPU Physical cores : 6
# CPU Logical cores  : 12
# Host memory        : 16309 MB
# Swap memory        : 21474 MB
# Total Virtual      : 37784 MB
# Available Virtual  : 8819 MB
#-----------------------------------------------------------
source xsim.dir/matrix_mult/xsim_script.tcl
# xsim {matrix_mult} -testplusarg UVM_VERBOSITY=UVM_NONE -testplusarg UVM_TESTNAME=matrix_mult_test_lib -testplusarg UVM_TIMEOUT=20000000000000 -autoloadwcfg -tclbatch {matrix_mult.tcl}
Time resolution is 1 ps
source matrix_mult.tcl
## run all
UVM_INFO C:/Xilinx/2025.1/Vivado/data/system_verilog/uvm_1.2/xlnx_uvm_package.sv(18601) @ 0: reporter [UVM/RELNOTES] 
----------------------------------------------------------------
UVM-1.2
(C) 2007-2014 Mentor Graphics Corporation
(C) 2007-2014 Cadence Design Systems, Inc.
(C) 2006-2014 Synopsys, Inc.
(C) 2011-2013 Cypress Semiconductor Corp.
(C) 2013-2014 NVIDIA Corporation
----------------------------------------------------------------

  ***********       IMPORTANT RELEASE NOTES         ************

  You are using a version of the UVM library that has been compiled
  with `UVM_NO_DEPRECATED undefined.

  You are using a version of the UVM library that has been compiled
  with `UVM_OBJECT_DO_NOT_NEED_CONSTRUCTOR undefined.

      (Specify +UVM_NO_RELNOTES to turn off this notice)

UVM_INFO C:/Xilinx/2025.1/Vivado/data/system_verilog/uvm_1.2/xlnx_uvm_package.sv(18648) @ 0: reporter [NO_DPI_TSTNAME] UVM_NO_DPI defined--getting UVM_TESTNAME directly, without DPI
UVM_INFO C:/Xilinx/2025.1/Vivado/data/system_verilog/uvm_1.2/xlnx_uvm_package.sv(18752) @ 0: reporter [UVMTOP] UVM testbench topology:
-----------------------------------------------------------------------
Name                         Type                           Size  Value
-----------------------------------------------------------------------
uvm_test_top                 matrix_mult_test_lib           -     @342 
  top_env                    matrix_mult_env                -     @353 
    matrix_mult_virtual_sqr  matrix_mult_virtual_sequencer  -     @390 
      rsp_export             uvm_analysis_export            -     @399 
      seq_item_export        uvm_seq_item_pull_imp          -     @517 
      arbitration_queue      array                          0     -    
      lock_queue             array                          0     -    
      num_last_reqs          integral                       32    'd1  
      num_last_rsps          integral                       32    'd1  
    refm                     matrix_mult_reference_model    -     @368 
      trans_num_idx          integral                       32    'h0  
    subsys_mon               matrix_mult_subsystem_monitor  -     @381 
      scbd                   matrix_mult_scoreboard         -     @537 
        refm                 matrix_mult_reference_model    -     @368 
          trans_num_idx      integral                       32    'h0  
    refm                     matrix_mult_reference_model    -     @368 
    matrix_mult_virtual_sqr  matrix_mult_virtual_sequencer  -     @390 
    matrix_mult_cfg          matrix_mult_config             -     @367 
      check_ena              integral                       32    'h0  
      cover_ena              integral                       32    'h0  
-----------------------------------------------------------------------

UVM_INFO C:/Xilinx/2025.1/Vivado/data/system_verilog/uvm_1.2/xlnx_uvm_package.sv(20867) @ 0: reporter [UVM/COMP/NAMECHECK] This implementation of the component name checks requires DPI to be enabled
////////////////////////////////////////////////////////////////////////////////////
// Inter-Transaction Progress: Completed Transaction / Total Transaction
// Intra-Transaction Progress: Measured Latency / Latency Estimation * 100%
//
// RTL Simulation : "Inter-Transaction Progress" ["Intra-Transaction Progress"] @ "Simulation Time"
////////////////////////////////////////////////////////////////////////////////////
// RTL Simulation : 0 / 100 [0.00%] @ "125000"
// RTL Simulation : 1 / 100 [100.00%] @ "225000"
// RTL Simulation : 2 / 100 [100.00%] @ "295000"
// RTL Simulation : 3 / 100 [100.00%] @ "365000"
// RTL Simulation : 4 / 100 [100.00%] @ "435000"
// RTL Simulation : 5 / 100 [100.00%] @ "505000"
// RTL Simulation : 6 / 100 [100.00%] @ "575000"
// RTL Simulation : 7 / 100 [100.00%] @ "645000"
// RTL Simulation : 8 / 100 [100.00%] @ "715000"
// RTL Simulation : 9 / 100 [100.00%] @ "785000"
// RTL Simulation : 10 / 100 [100.00%] @ "855000"
// RTL Simulation : 11 / 100 [100.00%] @ "925000"
// RTL Simulation : 12 / 100 [100.00%] @ "995000"
// RTL Simulation : 13 / 100 [100.00%] @ "1065000"
// RTL Simulation : 14 / 100 [100.00%] @ "1135000"
// RTL Simulation : 15 / 100 [100.00%] @ "1205000"
// RTL Simulation : 16 / 100 [100.00%] @ "1275000"
// RTL Simulation : 17 / 100 [100.00%] @ "1345000"
// RTL Simulation : 18 / 100 [100.00%] @ "1415000"
// RTL Simulation : 19 / 100 [100.00%] @ "1485000"
// RTL Simulation : 20 / 100 [100.00%] @ "1555000"
// RTL Simulation : 21 / 100 [100.00%] @ "1625000"
// RTL Simulation : 22 / 100 [100.00%] @ "1695000"
// RTL Simulation : 23 / 100 [100.00%] @ "1765000"
// RTL Simulation : 24 / 100 [100.00%] @ "1835000"
// RTL Simulation : 25 / 100 [100.00%] @ "1905000"
// RTL Simulation : 26 / 100 [100.00%] @ "1975000"
// RTL Simulation : 27 / 100 [100.00%] @ "2045000"
// RTL Simulation : 28 / 100 [100.00%] @ "2115000"
// RTL Simulation : 29 / 100 [100.00%] @ "2185000"
// RTL Simulation : 30 / 100 [100.00%] @ "2255000"
// RTL Simulation : 31 / 100 [100.00%] @ "2325000"
// RTL Simulation : 32 / 100 [100.00%] @ "2395000"
// RTL Simulation : 33 / 100 [100.00%] @ "2465000"
// RTL Simulation : 34 / 100 [100.00%] @ "2535000"
// RTL Simulation : 35 / 100 [100.00%] @ "2605000"
// RTL Simulation : 36 / 100 [100.00%] @ "2675000"
// RTL Simulation : 37 / 100 [100.00%] @ "2745000"
// RTL Simulation : 38 / 100 [100.00%] @ "2815000"
// RTL Simulation : 39 / 100 [100.00%] @ "2885000"
// RTL Simulation : 40 / 100 [100.00%] @ "2955000"
// RTL Simulation : 41 / 100 [100.00%] @ "3025000"
// RTL Simulation : 42 / 100 [100.00%] @ "3095000"
// RTL Simulation : 43 / 100 [100.00%] @ "3165000"
// RTL Simulation : 44 / 100 [100.00%] @ "3235000"
// RTL Simulation : 45 / 100 [100.00%] @ "3305000"
// RTL Simulation : 46 / 100 [100.00%] @ "3375000"
// RTL Simulation : 47 / 100 [100.00%] @ "3445000"
// RTL Simulation : 48 / 100 [100.00%] @ "3515000"
// RTL Simulation : 49 / 100 [100.00%] @ "3585000"
// RTL Simulation : 50 / 100 [100.00%] @ "3655000"
// RTL Simulation : 51 / 100 [100.00%] @ "3725000"
// RTL Simulation : 52 / 100 [100.00%] @ "3795000"
// RTL Simulation : 53 / 100 [100.00%] @ "3865000"
// RTL Simulation : 54 / 100 [100.00%] @ "3935000"
// RTL Simulation : 55 / 100 [100.00%] @ "4005000"
// RTL Simulation : 56 / 100 [100.00%] @ "4075000"
// RTL Simulation : 57 / 100 [100.00%] @ "4145000"
// RTL Simulation : 58 / 100 [100.00%] @ "4215000"
// RTL Simulation : 59 / 100 [100.00%] @ "4285000"
// RTL Simulation : 60 / 100 [100.00%] @ "4355000"
// RTL Simulation : 61 / 100 [100.00%] @ "4425000"
// RTL Simulation : 62 / 100 [100.00%] @ "4495000"
// RTL Simulation : 63 / 100 [100.00%] @ "4565000"
// RTL Simulation : 64 / 100 [100.00%] @ "4635000"
// RTL Simulation : 65 / 100 [100.00%] @ "4705000"
// RTL Simulation : 66 / 100 [100.00%] @ "4775000"
// RTL Simulation : 67 / 100 [100.00%] @ "4845000"
// RTL Simulation : 68 / 100 [100.00%] @ "4915000"
// RTL Simulation : 69 / 100 [100.00%] @ "4985000"
// RTL Simulation : 70 / 100 [100.00%] @ "5055000"
// RTL Simulation : 71 / 100 [100.00%] @ "5125000"
// RTL Simulation : 72 / 100 [100.00%] @ "5195000"
// RTL Simulation : 73 / 100 [100.00%] @ "5265000"
// RTL Simulation : 74 / 100 [100.00%] @ "5335000"
// RTL Simulation : 75 / 100 [100.00%] @ "5405000"
// RTL Simulation : 76 / 100 [100.00%] @ "5475000"
// RTL Simulation : 77 / 100 [100.00%] @ "5545000"
// RTL Simulation : 78 / 100 [100.00%] @ "5615000"
// RTL Simulation : 79 / 100 [100.00%] @ "5685000"
// RTL Simulation : 80 / 100 [100.00%] @ "5755000"
// RTL Simulation : 81 / 100 [100.00%] @ "5825000"
// RTL Simulation : 82 / 100 [100.00%] @ "5895000"
// RTL Simulation : 83 / 100 [100.00%] @ "5965000"
// RTL Simulation : 84 / 100 [100.00%] @ "6035000"
// RTL Simulation : 85 / 100 [100.00%] @ "6105000"
// RTL Simulation : 86 / 100 [100.00%] @ "6175000"
// RTL Simulation : 87 / 100 [100.00%] @ "6245000"
// RTL Simulation : 88 / 100 [100.00%] @ "6315000"
// RTL Simulation : 89 / 100 [100.00%] @ "6385000"
// RTL Simulation : 90 / 100 [100.00%] @ "6455000"
// RTL Simulation : 91 / 100 [100.00%] @ "6525000"
// RTL Simulation : 92 / 100 [100.00%] @ "6595000"
// RTL Simulation : 93 / 100 [100.00%] @ "6665000"
// RTL Simulation : 94 / 100 [100.00%] @ "6735000"
// RTL Simulation : 95 / 100 [100.00%] @ "6805000"
// RTL Simulation : 96 / 100 [100.00%] @ "6875000"
// RTL Simulation : 97 / 100 [100.00%] @ "6945000"
// RTL Simulation : 98 / 100 [100.00%] @ "7015000"
// RTL Simulation : 99 / 100 [100.00%] @ "7085000"
// RTL Simulation : 100 / 100 [100.00%] @ "7155000"
////////////////////////////////////////////////////////////////////////////////////
$finish called at time : 7205 ns : File "C:/Xilinx/2025.1/Vivado/data/system_verilog/uvm_1.2/xlnx_uvm_package.sv" Line 18699
## quit
INFO: [Common 17-206] Exiting xsim at Wed Nov 12 14:57:20 2025...
