11/12/25 14:48:41: Running xcd server. This server was built by gradle.
11/12/25 14:48:41: Server was asked to start on port: '63110'
11/12/25 14:48:41: Server is using token UUID: 'f6ea1456-eecc-42ab-a9c0-2a361a5f76ae'
11/12/25 14:48:41: SESSION_MGR: creating session with session uuid: '6d04a3e9-ade5-4ab9-8d63-1f78fcd2ec76' and name 'default'
11/12/25 14:48:41: Attempting to start server on port '63110'
11/12/25 14:48:41: Running Dispatch Server
11/12/25 14:48:41: Version 2.2.0
11/12/25 14:48:44: Dispatch Server: Accepted socket connection from client
11/12/25 14:48:44: Starting Socket connection
11/12/25 14:48:44: EXCHANGE_TOKEN received, server token: f6ea1456-eecc-42ab-a9c0-2a361a5f76ae, passed token: f6ea1456-eecc-42ab-a9c0-2a361a5f76ae
11/12/25 14:48:44: DISPATCH_HANDLER: Adding handler from function makeHandler in library xv_system_diagram
11/12/25 14:48:44: SESSION_MGR: creating session with session uuid: '280cf179-024b-4ebc-afe1-71776bf43a35' and name 'vitis-run_compile_Flatten'
11/12/25 14:48:44: KERNEL_SVC: creating session with uuid: '280cf179-024b-4ebc-afe1-71776bf43a35' and name 'vitis-run_compile_Flatten'
11/12/25 14:48:44: GUIDANCE_SMGR: creating guidance session with uuid: '280cf179-024b-4ebc-afe1-71776bf43a35' and name 'vitis-run_compile_Flatten'
11/12/25 14:48:44: SYSTEM_DIAGRAM: creating session with uuid: '280cf179-024b-4ebc-afe1-71776bf43a35' and name 'vitis-run_compile_Flatten'
11/12/25 14:48:47: Dispatch Server: Accepted socket connection from client
11/12/25 14:48:47: Starting Socket connection
11/12/25 14:48:48: SESSION_MGR: closing session for UUID '280cf179-024b-4ebc-afe1-71776bf43a35' with name 'vitis-run_compile_Flatten'
11/12/25 14:48:48: KERNEL_SVC: closing session for UUID '280cf179-024b-4ebc-afe1-71776bf43a35' with name 'vitis-run_compile_Flatten'
11/12/25 14:48:48: GUIDANCE_SMGR: closing session for UUID '280cf179-024b-4ebc-afe1-71776bf43a35' with name 'vitis-run_compile_Flatten'
11/12/25 14:48:48: SYSTEM_DIAGRAM: closing session for UUID '280cf179-024b-4ebc-afe1-71776bf43a35' with name 'vitis-run_compile_Flatten'
11/12/25 14:48:48: STOP_SERVER received, server token: f6ea1456-eecc-42ab-a9c0-2a361a5f76ae, passed token: f6ea1456-eecc-42ab-a9c0-2a361a5f76ae
11/12/25 14:48:48: Socket received request to stop server.
11/12/25 14:48:48: Dispatch Server: do_await_stop
11/12/25 14:48:48: SERVER: destructor for server bound to port 63110
11/12/25 14:49:01: Running xcd server. This server was built by gradle.
11/12/25 14:49:01: Server was asked to start on port: '63115'
11/12/25 14:49:01: Server is using token UUID: '249d6324-1dc1-4271-aa7a-cebb066bf1c2'
11/12/25 14:49:01: SESSION_MGR: creating session with session uuid: '6d04a3e9-ade5-4ab9-8d63-1f78fcd2ec76' and name 'default'
11/12/25 14:49:01: Attempting to start server on port '63115'
11/12/25 14:49:01: Running Dispatch Server
11/12/25 14:49:01: Version 2.2.0
11/12/25 14:49:04: Dispatch Server: Accepted socket connection from client
11/12/25 14:49:04: Starting Socket connection
11/12/25 14:49:04: EXCHANGE_TOKEN received, server token: 249d6324-1dc1-4271-aa7a-cebb066bf1c2, passed token: 249d6324-1dc1-4271-aa7a-cebb066bf1c2
11/12/25 14:49:04: DISPATCH_HANDLER: Adding handler from function makeHandler in library xv_system_diagram
11/12/25 14:49:04: SESSION_MGR: creating session with session uuid: 'f5f07ebb-ebff-47fb-a8fa-9869de0d02cf' and name 'v++_compile_Flatten'
11/12/25 14:49:04: KERNEL_SVC: creating session with uuid: 'f5f07ebb-ebff-47fb-a8fa-9869de0d02cf' and name 'v++_compile_Flatten'
11/12/25 14:49:04: GUIDANCE_SMGR: creating guidance session with uuid: 'f5f07ebb-ebff-47fb-a8fa-9869de0d02cf' and name 'v++_compile_Flatten'
11/12/25 14:49:04: SYSTEM_DIAGRAM: creating session with uuid: 'f5f07ebb-ebff-47fb-a8fa-9869de0d02cf' and name 'v++_compile_Flatten'
11/12/25 14:49:07: Dispatch Server: Accepted socket connection from client
11/12/25 14:49:07: Starting Socket connection
11/12/25 14:49:20: SESSION_MGR: closing session for UUID 'f5f07ebb-ebff-47fb-a8fa-9869de0d02cf' with name 'v++_compile_Flatten'
11/12/25 14:49:20: KERNEL_SVC: closing session for UUID 'f5f07ebb-ebff-47fb-a8fa-9869de0d02cf' with name 'v++_compile_Flatten'
11/12/25 14:49:20: GUIDANCE_SMGR: closing session for UUID 'f5f07ebb-ebff-47fb-a8fa-9869de0d02cf' with name 'v++_compile_Flatten'
11/12/25 14:49:20: SYSTEM_DIAGRAM: closing session for UUID 'f5f07ebb-ebff-47fb-a8fa-9869de0d02cf' with name 'v++_compile_Flatten'
11/12/25 14:49:20: STOP_SERVER received, server token: 249d6324-1dc1-4271-aa7a-cebb066bf1c2, passed token: 249d6324-1dc1-4271-aa7a-cebb066bf1c2
11/12/25 14:49:20: Socket received request to stop server.
11/12/25 14:49:20: Dispatch Server: do_await_stop
11/12/25 14:49:20: SERVER: destructor for server bound to port 63115
11/12/25 14:54:18: Running xcd server. This server was built by gradle.
11/12/25 14:54:18: Server was asked to start on port: '57706'
11/12/25 14:54:18: Server is using token UUID: '5aefd3f8-8382-4f29-95ba-5e01687ed84d'
11/12/25 14:54:18: SESSION_MGR: creating session with session uuid: '6d04a3e9-ade5-4ab9-8d63-1f78fcd2ec76' and name 'default'
11/12/25 14:54:18: Attempting to start server on port '57706'
11/12/25 14:54:18: Running Dispatch Server
11/12/25 14:54:18: Version 2.2.0
11/12/25 14:54:21: Dispatch Server: Accepted socket connection from client
11/12/25 14:54:21: Starting Socket connection
11/12/25 14:54:21: EXCHANGE_TOKEN received, server token: 5aefd3f8-8382-4f29-95ba-5e01687ed84d, passed token: 5aefd3f8-8382-4f29-95ba-5e01687ed84d
11/12/25 14:54:21: DISPATCH_HANDLER: Adding handler from function makeHandler in library xv_system_diagram
11/12/25 14:54:21: SESSION_MGR: creating session with session uuid: 'e61f8511-f2c9-4509-a753-ea8ec7e25ee2' and name 'vitis-run_compile_Flatten'
11/12/25 14:54:21: KERNEL_SVC: creating session with uuid: 'e61f8511-f2c9-4509-a753-ea8ec7e25ee2' and name 'vitis-run_compile_Flatten'
11/12/25 14:54:21: GUIDANCE_SMGR: creating guidance session with uuid: 'e61f8511-f2c9-4509-a753-ea8ec7e25ee2' and name 'vitis-run_compile_Flatten'
11/12/25 14:54:21: SYSTEM_DIAGRAM: creating session with uuid: 'e61f8511-f2c9-4509-a753-ea8ec7e25ee2' and name 'vitis-run_compile_Flatten'
11/12/25 14:54:24: Dispatch Server: Accepted socket connection from client
11/12/25 14:54:24: Starting Socket connection
11/12/25 14:54:57: SESSION_MGR: closing session for UUID 'e61f8511-f2c9-4509-a753-ea8ec7e25ee2' with name 'vitis-run_compile_Flatten'
11/12/25 14:54:57: KERNEL_SVC: closing session for UUID 'e61f8511-f2c9-4509-a753-ea8ec7e25ee2' with name 'vitis-run_compile_Flatten'
11/12/25 14:54:57: GUIDANCE_SMGR: closing session for UUID 'e61f8511-f2c9-4509-a753-ea8ec7e25ee2' with name 'vitis-run_compile_Flatten'
11/12/25 14:54:57: SYSTEM_DIAGRAM: closing session for UUID 'e61f8511-f2c9-4509-a753-ea8ec7e25ee2' with name 'vitis-run_compile_Flatten'
11/12/25 14:54:57: STOP_SERVER received, server token: 5aefd3f8-8382-4f29-95ba-5e01687ed84d, passed token: 5aefd3f8-8382-4f29-95ba-5e01687ed84d
11/12/25 14:54:57: Socket received request to stop server.
11/12/25 14:54:57: Dispatch Server: do_await_stop
11/12/25 14:54:57: SERVER: destructor for server bound to port 57706
