C:\Users\jackh\Downloads\Matrix_Lab4\Bitwidth\Bitwidth\hls\.autopilot\db\matrix_mult.pp.0.cpp:27866:5: warning: Added loop label VITIS_LOOP_676_1:   [xilinx-label-all-loops]
    for (unsigned i = low; i != high+1; ++i) {
    ^~~
    VITIS_LOOP_676_1: 
C:\Users\jackh\Downloads\Matrix_Lab4\Bitwidth\Bitwidth\hls\.autopilot\db\matrix_mult.pp.0.cpp:27866:5: note: FIX-IT applied suggested code changes
C:\Users\jackh\Downloads\Matrix_Lab4\Bitwidth\Bitwidth\hls\.autopilot\db\matrix_mult.pp.0.cpp:27880:5: warning: Added loop label VITIS_LOOP_690_1:   [xilinx-label-all-loops]
    for (unsigned i = low; i != high+1; ++i) {
    ^~~
    VITIS_LOOP_690_1: 
C:\Users\jackh\Downloads\Matrix_Lab4\Bitwidth\Bitwidth\hls\.autopilot\db\matrix_mult.pp.0.cpp:27880:5: note: FIX-IT applied suggested code changes
C:\Users\jackh\Downloads\Matrix_Lab4\Bitwidth\Bitwidth\hls\.autopilot\db\matrix_mult.pp.0.cpp:27894:5: warning: Added loop label VITIS_LOOP_704_1:   [xilinx-label-all-loops]
    for (unsigned i = low; i != high+1; ++i) {
    ^~~
    VITIS_LOOP_704_1: 
C:\Users\jackh\Downloads\Matrix_Lab4\Bitwidth\Bitwidth\hls\.autopilot\db\matrix_mult.pp.0.cpp:27894:5: note: FIX-IT applied suggested code changes
C:\Users\jackh\Downloads\Matrix_Lab4\Bitwidth\Bitwidth\hls\.autopilot\db\matrix_mult.pp.0.cpp:29862:7: warning: Added loop label VITIS_LOOP_1248_1:   [xilinx-label-all-loops]
      for (i = 0; i < __N - 1; ++i) {
      ^~~
      VITIS_LOOP_1248_1: 
C:\Users\jackh\Downloads\Matrix_Lab4\Bitwidth\Bitwidth\hls\.autopilot\db\matrix_mult.pp.0.cpp:29862:7: note: FIX-IT applied suggested code changes
